2023-03-29 11:33:46.062  INFO 21180 --- [restartedMain] i.g.a.msclientes.MsclientesApplication   : Starting MsclientesApplication using Java 17.0.5 on LAPTOP-NM5U2JAN with PID 21180 (C:\Users\andre\OneDrive\Área de Trabalho\PROJETOS-JAVA\projeto-springcloud-mensageria\msclientes\target\classes started by andre in C:\Users\andre\OneDrive\Área de Trabalho\PROJETOS-JAVA\projeto-springcloud-mensageria\msclientes)
2023-03-29 11:33:46.066  INFO 21180 --- [restartedMain] i.g.a.msclientes.MsclientesApplication   : No active profile set, falling back to 1 default profile: "default"
2023-03-29 11:33:46.225  INFO 21180 --- [restartedMain] .e.DevToolsPropertyDefaultsPostProcessor : Devtools property defaults active! Set 'spring.devtools.add-properties' to 'false' to disable
2023-03-29 11:33:46.225  INFO 21180 --- [restartedMain] .e.DevToolsPropertyDefaultsPostProcessor : For additional web related logging consider setting the 'logging.level.web' property to 'DEBUG'
2023-03-29 11:33:52.026  INFO 21180 --- [restartedMain] .s.d.r.c.RepositoryConfigurationDelegate : Bootstrapping Spring Data JPA repositories in DEFAULT mode.
2023-03-29 11:33:53.790  INFO 21180 --- [restartedMain] .s.d.r.c.RepositoryConfigurationDelegate : Finished Spring Data repository scanning in 1670 ms. Found 1 JPA repository interfaces.
2023-03-29 11:33:54.667  INFO 21180 --- [restartedMain] o.s.cloud.context.scope.GenericScope     : BeanFactory id=6d8b2648-ed81-3ad3-bb9f-1888ace62b44
2023-03-29 11:33:57.054  INFO 21180 --- [restartedMain] o.s.b.w.embedded.tomcat.TomcatWebServer  : Tomcat initialized with port(s): 0 (http)
2023-03-29 11:33:57.085  INFO 21180 --- [restartedMain] o.apache.catalina.core.StandardService   : Starting service [Tomcat]
2023-03-29 11:33:57.086  INFO 21180 --- [restartedMain] org.apache.catalina.core.StandardEngine  : Starting Servlet engine: [Apache Tomcat/9.0.60]
2023-03-29 11:33:57.478  INFO 21180 --- [restartedMain] o.a.c.c.C.[Tomcat].[localhost].[/]       : Initializing Spring embedded WebApplicationContext
2023-03-29 11:33:57.478  INFO 21180 --- [restartedMain] w.s.c.ServletWebServerApplicationContext : Root WebApplicationContext: initialization completed in 11251 ms
2023-03-29 11:33:57.925  INFO 21180 --- [restartedMain] com.zaxxer.hikari.HikariDataSource       : HikariPool-1 - Starting...
2023-03-29 11:33:58.582  INFO 21180 --- [restartedMain] com.zaxxer.hikari.HikariDataSource       : HikariPool-1 - Start completed.
2023-03-29 11:33:58.616  INFO 21180 --- [restartedMain] o.s.b.a.h2.H2ConsoleAutoConfiguration    : H2 console available at '/h2-console'. Database available at 'jdbc:h2:mem:d5e7279e-8138-4e88-9078-ed3ba9706d4c'
2023-03-29 11:33:59.320  INFO 21180 --- [restartedMain] o.hibernate.jpa.internal.util.LogHelper  : HHH000204: Processing PersistenceUnitInfo [name: default]
2023-03-29 11:33:59.490  INFO 21180 --- [restartedMain] org.hibernate.Version                    : HHH000412: Hibernate ORM core version 5.6.7.Final
2023-03-29 11:34:00.021  INFO 21180 --- [restartedMain] o.hibernate.annotations.common.Version   : HCANN000001: Hibernate Commons Annotations {5.1.2.Final}
2023-03-29 11:34:00.384  INFO 21180 --- [restartedMain] org.hibernate.dialect.Dialect            : HHH000400: Using dialect: org.hibernate.dialect.H2Dialect
2023-03-29 11:34:01.990  INFO 21180 --- [restartedMain] o.h.e.t.j.p.i.JtaPlatformInitiator       : HHH000490: Using JtaPlatform implementation: [org.hibernate.engine.transaction.jta.platform.internal.NoJtaPlatform]
2023-03-29 11:34:02.016  INFO 21180 --- [restartedMain] j.LocalContainerEntityManagerFactoryBean : Initialized JPA EntityManagerFactory for persistence unit 'default'
2023-03-29 11:34:03.226  WARN 21180 --- [restartedMain] JpaBaseConfiguration$JpaWebConfiguration : spring.jpa.open-in-view is enabled by default. Therefore, database queries may be performed during view rendering. Explicitly configure spring.jpa.open-in-view to disable this warning
2023-03-29 11:34:06.390  WARN 21180 --- [restartedMain] o.s.b.d.a.OptionalLiveReloadServer       : Unable to start LiveReload server
2023-03-29 11:34:07.190  INFO 21180 --- [restartedMain] DiscoveryClientOptionalArgsConfiguration : Eureka HTTP Client uses RestTemplate.
2023-03-29 11:34:07.520  WARN 21180 --- [restartedMain] iguration$LoadBalancerCaffeineWarnLogger : Spring Cloud LoadBalancer is currently working with the default cache. While this cache implementation is useful for development and tests, it's recommended to use Caffeine cache in production.You can switch to using Caffeine cache, by adding it and org.springframework.cache.caffeine.CaffeineCacheManager to the classpath.
2023-03-29 11:34:07.551  INFO 21180 --- [restartedMain] o.s.b.a.e.web.EndpointLinksResolver      : Exposing 17 endpoint(s) beneath base path '/actuator'
2023-03-29 11:34:08.150  INFO 21180 --- [restartedMain] o.s.b.w.embedded.tomcat.TomcatWebServer  : Tomcat started on port(s): 55752 (http) with context path ''
2023-03-29 11:34:08.171  INFO 21180 --- [restartedMain] .s.c.n.e.s.EurekaAutoServiceRegistration : Updating port to 55752
2023-03-29 11:34:08.203  INFO 21180 --- [restartedMain] o.s.c.n.eureka.InstanceInfoFactory       : Setting initial instance status as: STARTING
2023-03-29 11:34:08.694  INFO 21180 --- [restartedMain] com.netflix.discovery.DiscoveryClient    : Initializing Eureka in region us-east-1
2023-03-29 11:34:08.722  INFO 21180 --- [restartedMain] c.n.d.s.r.aws.ConfigClusterResolver      : Resolving eureka endpoints via configuration
2023-03-29 11:34:08.912  INFO 21180 --- [restartedMain] com.netflix.discovery.DiscoveryClient    : Disable delta property : false
2023-03-29 11:34:08.915  INFO 21180 --- [restartedMain] com.netflix.discovery.DiscoveryClient    : Single vip registry refresh property : null
2023-03-29 11:34:08.917  INFO 21180 --- [restartedMain] com.netflix.discovery.DiscoveryClient    : Force full registry fetch : false
2023-03-29 11:34:08.918  INFO 21180 --- [restartedMain] com.netflix.discovery.DiscoveryClient    : Application is null : false
2023-03-29 11:34:08.918  INFO 21180 --- [restartedMain] com.netflix.discovery.DiscoveryClient    : Registered Applications size is zero : true
2023-03-29 11:34:08.919  INFO 21180 --- [restartedMain] com.netflix.discovery.DiscoveryClient    : Application version is -1: true
2023-03-29 11:34:08.919  INFO 21180 --- [restartedMain] com.netflix.discovery.DiscoveryClient    : Getting all instance registry info from the eureka server
2023-03-29 11:34:10.986  INFO 21180 --- [restartedMain] com.netflix.discovery.DiscoveryClient    : The response status is 200
2023-03-29 11:34:11.000  INFO 21180 --- [restartedMain] com.netflix.discovery.DiscoveryClient    : Starting heartbeat executor: renew interval is: 30
2023-03-29 11:34:11.011  INFO 21180 --- [restartedMain] c.n.discovery.InstanceInfoReplicator     : InstanceInfoReplicator onDemand update allowed rate per min is 4
2023-03-29 11:34:11.028  INFO 21180 --- [restartedMain] com.netflix.discovery.DiscoveryClient    : Discovery Client initialized at timestamp 1680100451023 with initial instances count: 1
2023-03-29 11:34:11.033  INFO 21180 --- [restartedMain] o.s.c.n.e.s.EurekaServiceRegistry        : Registering application MSCLIENTES with eureka with status UP
2023-03-29 11:34:11.035  INFO 21180 --- [restartedMain] com.netflix.discovery.DiscoveryClient    : Saw local status change event StatusChangeEvent [timestamp=1680100451035, current=UP, previous=STARTING]
2023-03-29 11:34:11.086  INFO 21180 --- [DiscoveryClient-InstanceInfoReplicator-0] com.netflix.discovery.DiscoveryClient    : DiscoveryClient_MSCLIENTES/msclientes:350c9ca79c757b83094bb8cba6de6632: registering service...
2023-03-29 11:34:11.695  INFO 21180 --- [DiscoveryClient-InstanceInfoReplicator-0] com.netflix.discovery.DiscoveryClient    : DiscoveryClient_MSCLIENTES/msclientes:350c9ca79c757b83094bb8cba6de6632 - registration status: 204
2023-03-29 11:34:11.726  INFO 21180 --- [restartedMain] i.g.a.msclientes.MsclientesApplication   : Started MsclientesApplication in 27.642 seconds (JVM running for 30.055)
2023-03-29 11:35:26.604  INFO 21180 --- [http-nio-auto-1-exec-3] o.a.c.c.C.[Tomcat].[localhost].[/]       : Initializing Spring DispatcherServlet 'dispatcherServlet'
2023-03-29 11:35:26.619  INFO 21180 --- [http-nio-auto-1-exec-3] o.s.web.servlet.DispatcherServlet        : Initializing Servlet 'dispatcherServlet'
2023-03-29 11:35:26.789  INFO 21180 --- [http-nio-auto-1-exec-3] o.s.web.servlet.DispatcherServlet        : Completed initialization in 168 ms
