2023-03-29 11:51:02.816  INFO 18716 --- [restartedMain] i.g.a.m.AvaliadorCreditoApplication      : Starting AvaliadorCreditoApplication using Java 17.0.5 on LAPTOP-NM5U2JAN with PID 18716 (C:\Users\andre\OneDrive\Área de Trabalho\PROJETOS-JAVA\projeto-springcloud-mensageria\msavaliadorcredito\target\classes started by andre in C:\Users\andre\OneDrive\Área de Trabalho\PROJETOS-JAVA\projeto-springcloud-mensageria\msavaliadorcredito)
2023-03-29 11:51:02.838  INFO 18716 --- [restartedMain] i.g.a.m.AvaliadorCreditoApplication      : No active profile set, falling back to 1 default profile: "default"
2023-03-29 11:51:03.177  INFO 18716 --- [restartedMain] .e.DevToolsPropertyDefaultsPostProcessor : Devtools property defaults active! Set 'spring.devtools.add-properties' to 'false' to disable
2023-03-29 11:51:03.178  INFO 18716 --- [restartedMain] .e.DevToolsPropertyDefaultsPostProcessor : For additional web related logging consider setting the 'logging.level.web' property to 'DEBUG'
2023-03-29 11:51:11.224  INFO 18716 --- [restartedMain] o.s.cloud.context.scope.GenericScope     : BeanFactory id=59fc0915-d84d-3dc8-97b6-82be4ac56641
2023-03-29 11:51:13.776  INFO 18716 --- [restartedMain] o.s.b.w.embedded.tomcat.TomcatWebServer  : Tomcat initialized with port(s): 0 (http)
2023-03-29 11:51:13.852  INFO 18716 --- [restartedMain] o.apache.catalina.core.StandardService   : Starting service [Tomcat]
2023-03-29 11:51:13.858  INFO 18716 --- [restartedMain] org.apache.catalina.core.StandardEngine  : Starting Servlet engine: [Apache Tomcat/9.0.62]
2023-03-29 11:51:14.428  INFO 18716 --- [restartedMain] o.a.c.c.C.[Tomcat].[localhost].[/]       : Initializing Spring embedded WebApplicationContext
2023-03-29 11:51:14.429  INFO 18716 --- [restartedMain] w.s.c.ServletWebServerApplicationContext : Root WebApplicationContext: initialization completed in 11249 ms
2023-03-29 11:51:15.813  INFO 18716 --- [restartedMain] o.s.b.d.a.OptionalLiveReloadServer       : LiveReload server is running on port 35729
2023-03-29 11:51:16.096  INFO 18716 --- [restartedMain] o.s.c.openfeign.FeignClientFactoryBean   : For 'msclientes' URL not provided. Will try picking an instance via load-balancing.
2023-03-29 11:51:16.417  INFO 18716 --- [restartedMain] o.s.c.openfeign.FeignClientFactoryBean   : For 'mscartoes' URL not provided. Will try picking an instance via load-balancing.
2023-03-29 11:51:24.095  INFO 18716 --- [restartedMain] DiscoveryClientOptionalArgsConfiguration : Eureka HTTP Client uses RestTemplate.
2023-03-29 11:51:24.545  WARN 18716 --- [restartedMain] iguration$LoadBalancerCaffeineWarnLogger : Spring Cloud LoadBalancer is currently working with the default cache. While this cache implementation is useful for development and tests, it's recommended to use Caffeine cache in production.You can switch to using Caffeine cache, by adding it and org.springframework.cache.caffeine.CaffeineCacheManager to the classpath.
2023-03-29 11:51:24.589  INFO 18716 --- [restartedMain] o.s.b.a.e.web.EndpointLinksResolver      : Exposing 17 endpoint(s) beneath base path '/actuator'
2023-03-29 11:51:25.951  INFO 18716 --- [restartedMain] o.s.b.w.embedded.tomcat.TomcatWebServer  : Tomcat started on port(s): 63518 (http) with context path ''
2023-03-29 11:51:25.953  INFO 18716 --- [restartedMain] .s.c.n.e.s.EurekaAutoServiceRegistration : Updating port to 63518
2023-03-29 11:51:25.971  INFO 18716 --- [restartedMain] o.s.c.n.eureka.InstanceInfoFactory       : Setting initial instance status as: STARTING
2023-03-29 11:51:26.240  INFO 18716 --- [restartedMain] com.netflix.discovery.DiscoveryClient    : Initializing Eureka in region us-east-1
2023-03-29 11:51:26.255  INFO 18716 --- [restartedMain] c.n.d.s.r.aws.ConfigClusterResolver      : Resolving eureka endpoints via configuration
2023-03-29 11:51:26.348  INFO 18716 --- [restartedMain] com.netflix.discovery.DiscoveryClient    : Disable delta property : false
2023-03-29 11:51:26.349  INFO 18716 --- [restartedMain] com.netflix.discovery.DiscoveryClient    : Single vip registry refresh property : null
2023-03-29 11:51:26.350  INFO 18716 --- [restartedMain] com.netflix.discovery.DiscoveryClient    : Force full registry fetch : false
2023-03-29 11:51:26.350  INFO 18716 --- [restartedMain] com.netflix.discovery.DiscoveryClient    : Application is null : false
2023-03-29 11:51:26.351  INFO 18716 --- [restartedMain] com.netflix.discovery.DiscoveryClient    : Registered Applications size is zero : true
2023-03-29 11:51:26.354  INFO 18716 --- [restartedMain] com.netflix.discovery.DiscoveryClient    : Application version is -1: true
2023-03-29 11:51:26.355  INFO 18716 --- [restartedMain] com.netflix.discovery.DiscoveryClient    : Getting all instance registry info from the eureka server
2023-03-29 11:51:27.862  INFO 18716 --- [restartedMain] com.netflix.discovery.DiscoveryClient    : The response status is 200
2023-03-29 11:51:27.874  INFO 18716 --- [restartedMain] com.netflix.discovery.DiscoveryClient    : Starting heartbeat executor: renew interval is: 30
2023-03-29 11:51:27.890  INFO 18716 --- [restartedMain] c.n.discovery.InstanceInfoReplicator     : InstanceInfoReplicator onDemand update allowed rate per min is 4
2023-03-29 11:51:27.906  INFO 18716 --- [restartedMain] com.netflix.discovery.DiscoveryClient    : Discovery Client initialized at timestamp 1680101487903 with initial instances count: 2
2023-03-29 11:51:27.910  INFO 18716 --- [restartedMain] o.s.c.n.e.s.EurekaServiceRegistry        : Registering application MSAVALIADORCREDITO with eureka with status UP
2023-03-29 11:51:27.911  INFO 18716 --- [restartedMain] com.netflix.discovery.DiscoveryClient    : Saw local status change event StatusChangeEvent [timestamp=1680101487911, current=UP, previous=STARTING]
2023-03-29 11:51:27.922  INFO 18716 --- [DiscoveryClient-InstanceInfoReplicator-0] com.netflix.discovery.DiscoveryClient    : DiscoveryClient_MSAVALIADORCREDITO/msavaliadorcredito:479ed1dd54910803797c80937e499b66: registering service...
2023-03-29 11:51:28.324  INFO 18716 --- [DiscoveryClient-InstanceInfoReplicator-0] com.netflix.discovery.DiscoveryClient    : DiscoveryClient_MSAVALIADORCREDITO/msavaliadorcredito:479ed1dd54910803797c80937e499b66 - registration status: 204
2023-03-29 11:51:28.425  INFO 18716 --- [restartedMain] i.g.a.m.AvaliadorCreditoApplication      : Started AvaliadorCreditoApplication in 28.084 seconds (JVM running for 30.393)
2023-03-29 11:52:32.607  INFO 18716 --- [http-nio-auto-1-exec-1] o.a.c.c.C.[Tomcat].[localhost].[/]       : Initializing Spring DispatcherServlet 'dispatcherServlet'
2023-03-29 11:52:32.610  INFO 18716 --- [http-nio-auto-1-exec-1] o.s.web.servlet.DispatcherServlet        : Initializing Servlet 'dispatcherServlet'
2023-03-29 11:52:32.620  INFO 18716 --- [http-nio-auto-1-exec-1] o.s.web.servlet.DispatcherServlet        : Completed initialization in 10 ms
2023-03-29 11:52:49.566  INFO 18716 --- [http-nio-auto-1-exec-8] o.springdoc.api.AbstractOpenApiResource  : Init duration for springdoc-openapi is: 627 ms
